<?xml version="1.0" encoding="UTF-8"?>
<!-- Generated by org.testng.reporters.JUnitXMLReporter -->
<testsuite ignored="10" hostname="HP" failures="1" tests="1" name="test suit" time="16.007" errors="0" timestamp="10 мар. 2018 14:14:17 GMT">
  <testcase classname="test.TestPostNews" name="testDeleteLastNews" time="5.31">
    <failure type="org.openqa.selenium.NoSuchElementException" message="no such element: Unable to locate element: {&amp;quot;method&amp;quot;:&amp;quot;css selector&amp;quot;,&amp;quot;selector&amp;quot;:&amp;quot; div[class*=&amp;apos;uiContextualLayerBelowRight&amp;apos;]  ul &amp;gt; li:nth-child(2)&amp;quot;}
  (Session info: chrome=64.0.3282.186)
  (Driver info: chromedriver=2.35.528161 (5b82f2d2aae0ca24b877009200ced9065a772e73),platform=Windows NT 10.0.16299 x86_64) (WARNING: The server did not provide any stacktrace information)
Command duration or timeout: 329 milliseconds
For documentation on this error, please visit: http://seleniumhq.org/exceptions/no_such_element.html
Build info: version: &amp;apos;2.53.1&amp;apos;, revision: &amp;apos;a36b8b1cd5757287168e54b817830adce9b0158d&amp;apos;, time: &amp;apos;2016-06-30 19:26:09&amp;apos;
System info: host: &amp;apos;HP&amp;apos;, ip: &amp;apos;192.168.1.100&amp;apos;, os.name: &amp;apos;Windows 10&amp;apos;, os.arch: &amp;apos;amd64&amp;apos;, os.version: &amp;apos;10.0&amp;apos;, java.version: &amp;apos;9.0.4&amp;apos;
Driver info: org.openqa.selenium.chrome.ChromeDriver
Capabilities [{applicationCacheEnabled=false, rotatable=false, mobileEmulationEnabled=false, networkConnectionEnabled=false, chrome={chromedriverVersion=2.35.528161 (5b82f2d2aae0ca24b877009200ced9065a772e73), userDataDir=/Profile}, takesHeapSnapshot=true, pageLoadStrategy=normal, databaseEnabled=false, handlesAlerts=true, hasTouchScreen=false, version=64.0.3282.186, platform=XP, browserConnectionEnabled=false, nativeEvents=true, acceptSslCerts=false, acceptInsecureCerts=false, locationContextEnabled=true, webStorageEnabled=true, browserName=chrome, takesScreenshot=true, javascriptEnabled=true, cssSelectorsEnabled=true, setWindowRect=true, unexpectedAlertBehaviour=}]
Session ID: ffd6362a54cdf37ec032cb2e3d270159
*** Element info: {Using=css selector, value= div[class*=&amp;apos;uiContextualLayerBelowRight&amp;apos;]  ul &amp;gt; li:nth-child(2)}">
      <![CDATA[org.openqa.selenium.NoSuchElementException: no such element: Unable to locate element: {"method":"css selector","selector":" div[class*='uiContextualLayerBelowRight']  ul > li:nth-child(2)"}
  (Session info: chrome=64.0.3282.186)
  (Driver info: chromedriver=2.35.528161 (5b82f2d2aae0ca24b877009200ced9065a772e73),platform=Windows NT 10.0.16299 x86_64) (WARNING: The server did not provide any stacktrace information)
Command duration or timeout: 329 milliseconds
For documentation on this error, please visit: http://seleniumhq.org/exceptions/no_such_element.html
Build info: version: '2.53.1', revision: 'a36b8b1cd5757287168e54b817830adce9b0158d', time: '2016-06-30 19:26:09'
System info: host: 'HP', ip: '192.168.1.100', os.name: 'Windows 10', os.arch: 'amd64', os.version: '10.0', java.version: '9.0.4'
Driver info: org.openqa.selenium.chrome.ChromeDriver
Capabilities [{applicationCacheEnabled=false, rotatable=false, mobileEmulationEnabled=false, networkConnectionEnabled=false, chrome={chromedriverVersion=2.35.528161 (5b82f2d2aae0ca24b877009200ced9065a772e73), userDataDir=/Profile}, takesHeapSnapshot=true, pageLoadStrategy=normal, databaseEnabled=false, handlesAlerts=true, hasTouchScreen=false, version=64.0.3282.186, platform=XP, browserConnectionEnabled=false, nativeEvents=true, acceptSslCerts=false, acceptInsecureCerts=false, locationContextEnabled=true, webStorageEnabled=true, browserName=chrome, takesScreenshot=true, javascriptEnabled=true, cssSelectorsEnabled=true, setWindowRect=true, unexpectedAlertBehaviour=}]
Session ID: ffd6362a54cdf37ec032cb2e3d270159
*** Element info: {Using=css selector, value= div[class*='uiContextualLayerBelowRight']  ul > li:nth-child(2)}
at org.openqa.selenium.remote.ErrorHandler.createThrowable(ErrorHandler.java:206)
at org.openqa.selenium.remote.ErrorHandler.throwIfResponseFailed(ErrorHandler.java:158)
at org.openqa.selenium.remote.RemoteWebDriver.execute(RemoteWebDriver.java:678)
at org.openqa.selenium.remote.RemoteWebDriver.findElement(RemoteWebDriver.java:363)
at org.openqa.selenium.remote.RemoteWebDriver.findElementByCssSelector(RemoteWebDriver.java:492)
at org.openqa.selenium.By$ByCssSelector.findElement(By.java:430)
at org.openqa.selenium.remote.RemoteWebDriver.findElement(RemoteWebDriver.java:355)
at PageFactory.NewsFeedPage.deleteLastNews(NewsFeedPage.java:28)
at test.TestPostNews.testDeleteLastNews(TestPostNews.java:66)
... Removed 29 stack frames]]>
    </failure>
  </testcase> <!-- testDeleteLastNews -->
  <testcase classname="test.TestSendMess" name="testSendMessageClickButton" time="0.0">
    <ignored/>
  </testcase> <!-- testSendMessageClickButton -->
  <testcase classname="test.TestPostNews" name="testPostLinksTextClickButton" time="0.0">
    <ignored/>
  </testcase> <!-- testPostLinksTextClickButton -->
  <testcase classname="test.TestPostNews" name="testPostLinksPushEnter" time="0.0">
    <ignored/>
  </testcase> <!-- testPostLinksPushEnter -->
  <testcase classname="test.TestPostNews" name="testPostTextClickButton" time="0.0">
    <ignored/>
  </testcase> <!-- testPostTextClickButton -->
  <testcase classname="test.TestPostNews" name="testPostTextPushEnter" time="0.0">
    <ignored/>
  </testcase> <!-- testPostTextPushEnter -->
  <testcase classname="test.TestLogIn" name="testLoginClickButton" time="0.0">
    <ignored/>
  </testcase> <!-- testLoginClickButton -->
  <testcase classname="test.TestSendMess" name="testSendMessagePuchEnter" time="0.0">
    <ignored/>
  </testcase> <!-- testSendMessagePuchEnter -->
  <testcase classname="test.TestPostNews" name="testPostLinksClickButton" time="0.0">
    <ignored/>
  </testcase> <!-- testPostLinksClickButton -->
  <testcase classname="test.TestLogIn" name="testLoginPuchEnter" time="0.0">
    <ignored/>
  </testcase> <!-- testLoginPuchEnter -->
  <testcase classname="test.TestPostNews" name="testPostLinksTextPushEnter" time="0.0">
    <ignored/>
  </testcase> <!-- testPostLinksTextPushEnter -->
</testsuite> <!-- test suit -->
